<?xml version="1.0" encoding="UTF-8"?>
<!-- Generated by org.testng.reporters.JUnitXMLReporter -->
<testsuite hostname="DESKTOP-7JQBLOM" ignored="2" name="Default test" tests="1" failures="0" timestamp="21 Jan 2019 03:04:08 GMT" time="12.746" errors="0">
  <testcase name="verifyAccountNameTest" time="5.191" classname="HubSpotTests.HubSpotLoginTest"/>
  <testcase name="loginTest" time="0.0" classname="HubSpotTests.HubSpotLoginTest">
    <ignored/>
  </testcase> <!-- loginTest -->
  <testcase name="verifyLoginPageTitle_Test" time="0.0" classname="HubSpotTests.HubSpotLoginTest">
    <ignored/>
  </testcase> <!-- verifyLoginPageTitle_Test -->
</testsuite> <!-- Default test -->
