<?xml version="1.0" encoding="UTF-8"?>
<testng-results skipped="0" failed="0" ignored="2" total="3" passed="1">
  <reporter-output>
  </reporter-output>
  <suite name="Default suite" duration-ms="12746" started-at="2019-01-21T03:03:55Z" finished-at="2019-01-21T03:04:08Z">
    <groups>
    </groups>
    <test name="Default test" duration-ms="12746" started-at="2019-01-21T03:03:55Z" finished-at="2019-01-21T03:04:08Z">
      <class name="HubSpotTests.HubSpotLoginTest">
        <test-method status="PASS" signature="setUp()[pri:0, instance:HubSpotTests.HubSpotLoginTest@3ffc5af1]" name="setUp" is-config="true" duration-ms="6691" started-at="2019-01-21T03:03:55Z" finished-at="2019-01-21T03:04:02Z">
          <reporter-output>
          </reporter-output>
        </test-method> <!-- setUp -->
        <test-method status="PASS" signature="verifyAccountNameTest()[pri:0, instance:HubSpotTests.HubSpotLoginTest@3ffc5af1]" name="verifyAccountNameTest" duration-ms="5191" started-at="2019-01-21T03:04:02Z" finished-at="2019-01-21T03:04:07Z">
          <reporter-output>
          </reporter-output>
        </test-method> <!-- verifyAccountNameTest -->
        <test-method status="PASS" signature="tearDown()[pri:0, instance:HubSpotTests.HubSpotLoginTest@3ffc5af1]" name="tearDown" is-config="true" duration-ms="806" started-at="2019-01-21T03:04:07Z" finished-at="2019-01-21T03:04:08Z">
          <reporter-output>
          </reporter-output>
        </test-method> <!-- tearDown -->
      </class> <!-- HubSpotTests.HubSpotLoginTest -->
    </test> <!-- Default test -->
  </suite> <!-- Default suite -->
</testng-results>
